● qemu-guest-agent.service - QEMU Guest Agent
     Loaded: loaded (/lib/systemd/system/qemu-guest-agent.service; static)
     Active: active (running) since Thu 2025-03-06 03:10:34 EST; 28ms ago
   Main PID: 467 (qemu-ga)
      Tasks: 2 (limit: 4644)
     Memory: 2.5M
        CPU: 3ms
     CGroup: /system.slice/qemu-guest-agent.service
             └─467 /usr/sbin/qemu-ga

Mar 06 03:10:34 test-create-dnd systemd[1]: Started qemu-guest-agent.service - QEMU Guest Agent.
Synchronizing state of qemu-guest-agent.service with SysV service script with /lib/systemd/systemd-sysv-install.
Executing: /lib/systemd/systemd-sysv-install enable qemu-guest-agent
The unit files have no installation config (WantedBy=, RequiredBy=, Also=,
Alias= settings in the [Install] section, and DefaultInstance= for template
units). This means they are not meant to be enabled using systemctl.
 
Possible reasons for having this kind of units are:
• A unit may be statically enabled by being symlinked from another unit's
  .wants/ or .requires/ directory.
• A unit's purpose may be to act as a helper for some other unit which has
  a requirement dependency on it.
• A unit may be started when needed via activation (socket, path, timer,
  D-Bus, udev, scripted systemctl call, ...).
• In case of template units, the unit is meant to be enabled with some
  instance name specified.
/root/recipe_-712.sh: 38: Syntax error: "(" unexpected (expecting "then")
